2023-12-10 21:17:52 - Neovide panicked with the message 'Could not setup setting notifier for position_animation_length: Error sending request 'nvim_command''. (File: src\error_handling.rs; Line: 5, Column: 5)
   0: <unknown>
   1: <unknown>
   2: <unknown>
   3: <unknown>
   4: <unknown>
   5: <unknown>
   6: <unknown>
   7: <unknown>
   8: <unknown>
   9: <unknown>
  10: <unknown>
  11: <unknown>
  12: <unknown>
  13: <unknown>
  14: <unknown>
  15: BaseThreadInitThunk
  16: RtlUserThreadStart

2023-12-10 21:17:52 - Neovide panicked with the message 'called `Result::unwrap()` on an `Err` value: SendError(Serial(MouseButton { button: "move", action: "", grid_id: 1, position: (144, 0), modifier_string: "" }))'. (File: src\event_aggregator.rs; Line: 55, Column: 28)
   0: <unknown>
   1: <unknown>
   2: <unknown>
   3: <unknown>
   4: <unknown>
   5: <unknown>
   6: <unknown>
   7: <unknown>
   8: <unknown>
   9: <unknown>
  10: <unknown>
  11: <unknown>
  12: <unknown>
  13: <unknown>
  14: <unknown>
  15: DefSubclassProc
  16: DefSubclassProc
  17: CallWindowProcW
  18: CallWindowProcW
  19: glPushClientAttrib
  20: CallWindowProcW
  21: DispatchMessageW
  22: <unknown>
  23: <unknown>
  24: <unknown>
  25: <unknown>
  26: <unknown>
  27: <unknown>
  28: <unknown>
  29: BaseThreadInitThunk
  30: RtlUserThreadStart

